<?xml version="1.0" encoding="UTF-8"?>
<!-- Generated by org.testng.reporters.JUnitXMLReporter -->
<testsuite ignored="0" hostname="DESKTOP-L8P3AKT" failures="2" tests="27" name="TestNG features testing" time="81.803" errors="0" timestamp="2022-06-27T19:15:30 IST">
  <testcase classname="com.test.ExceptionTimeOutTest" name="Test1" time="0.014"/>
  <testcase classname="com.test.ExceptionTimeOutTest" name="infinitloopTest" time="0.02">
    <failure type="org.testng.internal.thread.ThreadTimeoutException" message="Method com.test.ExceptionTimeOutTest.infinitloopTest() didn&amp;apos;t finish within the time-out 2">
      <![CDATA[org.testng.internal.thread.ThreadTimeoutException: Method com.test.ExceptionTimeOutTest.infinitloopTest() didn't finish within the time-out 2
at java.base/java.util.ArrayList.forEach(ArrayList.java:1541)
... Removed 24 stack frames]]>
    </failure>
  </testcase> <!-- infinitloopTest -->
  <testcase classname="com.test.GoogleTest" name="googletitletest" time="0.028"/>
  <testcase classname="com.test.GoogleTest" name="mno" time="0.002"/>
  <testcase classname="com.test.GoogleTest" name="maillinktest" time="0.183"/>
  <testcase classname="com.test.GoogleTest" name="googlelogotest" time="0.091"/>
  <testcase classname="com.test.GoogleTest" name="def" time="0.059"/>
  <testcase classname="com.test.GoogleTest" name="abc" time="0.002"/>
  <testcase classname="com.test.GoogleTest" name="jkl" time="0.069"/>
  <testcase classname="com.test.GoogleTest" name="ghi" time="0.011"/>
  <testcase classname="com.test.InvocationCountTest" name="sum" time="0.008"/>
  <testcase classname="com.test.InvocationCountTest" name="sum" time="0.005"/>
  <testcase classname="com.test.InvocationCountTest" name="sum" time="0.002"/>
  <testcase classname="com.test.InvocationCountTest" name="sum" time="0.004"/>
  <testcase classname="com.test.InvocationCountTest" name="sum" time="0.002"/>
  <testcase classname="com.test.InvocationCountTest" name="sum" time="0.002"/>
  <testcase classname="com.test.InvocationCountTest" name="sum" time="0.001"/>
  <testcase classname="com.test.InvocationCountTest" name="sum" time="0.002"/>
  <testcase classname="com.test.InvocationCountTest" name="sum" time="0.003"/>
  <testcase classname="com.test.InvocationCountTest" name="sum" time="0.005"/>
  <testcase classname="com.test.TestNgFeature" name="logintest" time="0.002">
    <failure type="java.lang.ArithmeticException" message="/ by zero">
      <![CDATA[java.lang.ArithmeticException: / by zero
at com.test.TestNgFeature.logintest(TestNgFeature.java:10)
at java.base/java.util.ArrayList.forEach(ArrayList.java:1541)
... Removed 27 stack frames]]>
    </failure>
  </testcase> <!-- logintest -->
  <testcase classname="com.test.TestNgFeature" name="Homepagetest" time="0.0">
    <skipped/>
  </testcase> <!-- Homepagetest -->
  <testcase classname="com.test.TestNgFeature" name="RegPage" time="0.001">
    <skipped/>
  </testcase> <!-- RegPage -->
  <testcase classname="com.test.TestNgFeature" name="SearchPg" time="0.0">
    <skipped/>
  </testcase> <!-- SearchPg -->
  <testcase classname="com.test.TestNgProject" name="googlelogotest" time="0.001"/>
  <testcase classname="com.test.TestNgProject" name="googletitletest" time="0.001"/>
  <testcase classname="com.test.TestNgProject" name="searchtext" time="0.018"/>
</testsuite> <!-- TestNG features testing -->
